<?xml version="1.0" encoding="UTF-8"?>
<testng-results ignored="0" total="1" passed="1" failed="0" skipped="0">
  <reporter-output>
  </reporter-output>
  <suite started-at="2025-02-04T10:19:00 IST" name="Default suite" finished-at="2025-02-04T10:19:05 IST" duration-ms="4822">
    <groups>
    </groups>
    <test started-at="2025-02-04T10:19:00 IST" name="Default test" finished-at="2025-02-04T10:19:05 IST" duration-ms="4822">
      <class name="apitest.org.CoinDeskTest">
        <test-method signature="validateBPIResponse()[pri:0, instance:apitest.org.CoinDeskTest@409bf450]" started-at="2025-02-04T10:19:00 IST" name="validateBPIResponse" finished-at="2025-02-04T10:19:05 IST" duration-ms="4712" status="PASS">
          <reporter-output>
          </reporter-output>
        </test-method> <!-- validateBPIResponse -->
      </class> <!-- apitest.org.CoinDeskTest -->
    </test> <!-- Default test -->
  </suite> <!-- Default suite -->
</testng-results>
